<?xml version="1.0" encoding="UTF-8"?>
<testsuite xmlns:xsi="http://www.w3.org/2001/XMLSchema-instance" xsi:noNamespaceSchemaLocation="https://maven.apache.org/surefire/maven-surefire-plugin/xsd/surefire-test-report.xsd" name="com.application.letsbuy.internal.services.BankAccountServiceTest" time="12.254" tests="3" errors="0" skipped="0" failures="0">
  <properties>
[...]
</properties>
  <testcase name="update" classname="com.application.letsbuy.internal.services.BankAccountServiceTest" time="0.44"/>
  <testcase name="saveBankAccount" classname="com.application.letsbuy.internal.services.BankAccountServiceTest" time="0.051"/>
  <testcase name="deleteById" classname="com.application.letsbuy.internal.services.BankAccountServiceTest" time="0.055"/>
</testsuite>